Arguments: 
  /home/matheus/.nvm/versions/node/v18.15.0/bin/node /home/matheus/.nvm/versions/node/v18.15.0/bin/yarn run dev

PATH: 
  /home/matheus/.nvm/versions/node/v18.15.0/bin:/usr/local/sbin:/usr/local/bin:/usr/sbin:/usr/bin:/sbin:/bin:/usr/games:/usr/local/games:/snap/bin

Yarn version: 
  1.22.19

Node version: 
  18.15.0

Platform: 
  linux x64

Trace: 
  Error: ENOSPC: no space left on device, mkdir '/tmp/yarn--1681841122693-0.17795608603661495'

npm manifest: 
  {
  	"name": "control-cash",
  	"version": "1.0.0",
  	"description": "",
  	"main": "index.js",
  	"scripts": {
  		"dev": "tsx watch src/server"
  	},
  	"author": "Matheus Andrade",
  	"license": "ISC",
  	"devDependencies": {
  		"@types/dotenv": "^8.2.0",
  		"@types/express": "^4.17.17",
  		"@typescript-eslint/eslint-plugin": "^5.59.0",
  		"@typescript-eslint/parser": "^5.59.0",
  		"eslint": "^8.38.0",
  		"ts-node": "^10.9.1",
  		"tsx": "^3.12.6",
  		"typescript": "^5.0.4"
  	},
  	"dependencies": {
  		"@prisma/client": "^4.12.0",
  		"dotenv": "^16.0.3",
  		"express": "^4.18.2",
  		"prisma": "^4.12.0",
  		"yup": "^1.1.1"
  	}
  }

yarn manifest: 
  No manifest

Lockfile: 
  No lockfile
